<?xml version="1.0" encoding="UTF-8"?>
<!-- Generated by org.testng.reporters.JUnitXMLReporter -->
<testsuite hostname="EC2AMAZ-2N5M79R" ignored="2" name="Default test" tests="1" failures="0" timestamp="2020-07-03T13:58:28 UTC" time="12.147" errors="0">
  <testcase name="TimeStamp" time="3.966" classname="com.Mytests.NotePadTest"/>
  <testcase name="noteTest" time="0.0" classname="com.Mytests.NotePadTest">
    <ignored/>
  </testcase> <!-- noteTest -->
  <testcase name="submitText" time="0.0" classname="com.Mytests.NotePadTest">
    <ignored/>
  </testcase> <!-- submitText -->
</testsuite> <!-- Default test -->
